{"level":"info","message":"Serve listening on port 3000","service":"user-service"}
{"level":"info","message":"Serve listening on port 3000","service":"user-service"}
{"level":"error","service":"user-service"}
{"level":"info","message":"Serve listening on port 3000","service":"user-service"}
{"level":"error","service":"user-service"}
{"level":"info","message":"Serve listening on port 3000","service":"user-service"}
{"level":"info","message":"Serve listening on port 3000","service":"user-service"}
{"level":"info","message":"Serve listening on port 3000","service":"user-service"}
{"level":"info","message":"Serve listening on port 3000","service":"user-service"}
{"level":"info","message":"Serve listening on port 3000","service":"user-service"}
{"level":"info","message":"Serve listening on port 3000","service":"user-service"}
{"level":"info","message":"Serve listening on port 3000","service":"user-service"}
{"level":"info","message":"Serve listening on port 3000","service":"user-service"}
{"level":"info","message":"Serve listening on port 3000","service":"user-service"}
{"level":"info","message":"Serve listening on port 3000","service":"user-service"}
{"level":"info","message":"Serve listening on port 3000","service":"user-service"}
{"level":"info","message":"Serve listening on port 3000","service":"user-service"}
{"level":"info","message":"Serve listening on port 3000","service":"user-service"}
{"level":"info","message":"Serve listening on port 3000","service":"user-service"}
{"level":"info","message":"Serve listening on port 3000","service":"user-service"}
{"level":"info","message":"Serve listening on port 3000","service":"user-service"}
{"level":"info","message":"Serve listening on port 3000","service":"user-service"}
{"level":"info","message":"Serve listening on port 3000","service":"user-service"}
{"level":"info","message":"Serve listening on port 3000","service":"user-service"}
{"level":"info","message":"Serve listening on port 3000","service":"user-service"}
{"level":"info","message":"Serve listening on port 3000","service":"user-service"}
{"level":"info","message":"Serve listening on port 3000","service":"user-service"}
{"level":"info","message":"Serve listening on port 3000","service":"user-service"}
{"level":"info","message":"Serve listening on port 3000","service":"user-service"}
{"level":"info","message":"Serve listening on port 3000","service":"user-service"}
{"level":"info","message":"Serve listening on port 3000","service":"user-service"}
{"level":"info","message":"Serve listening on port 3000","service":"user-service"}
{"level":"info","message":"Serve listening on port 3000","service":"user-service"}
{"level":"info","message":"Serve listening on port 3000","service":"user-service"}
{"level":"info","message":"Serve listening on port 3000","service":"user-service"}
{"level":"info","message":"Serve listening on port 3000","service":"user-service"}
{"level":"info","message":"Serve listening on port 3000","service":"user-service"}
{"level":"info","message":"Serve listening on port 3000","service":"user-service"}
{"level":"info","message":"Serve listening on port 3000","service":"user-service"}
{"level":"info","message":"Serve listening on port 3000","service":"user-service"}
{"level":"info","message":"Serve listening on port 3000","service":"user-service"}
{"level":"info","message":"Serve listening on port 3000","service":"user-service"}
{"level":"info","message":"Serve listening on port 3000","service":"user-service"}
{"level":"info","message":"Serve listening on port 3000","service":"user-service"}
{"level":"info","message":"Serve listening on port 3000","service":"user-service"}
{"level":"info","message":"Serve listening on port 3000","service":"user-service"}
{"level":"info","message":"Serve listening on port 3000","service":"user-service"}
{"level":"info","message":"Serve listening on port 3000","service":"user-service"}
{"level":"info","message":"Serve listening on port 3000","service":"user-service"}
{"level":"info","message":"Serve listening on port 3000","service":"user-service"}
{"level":"info","message":"Serve listening on port 3000","service":"user-service"}
{"level":"info","message":"Serve listening on port 3000","service":"user-service"}
{"level":"info","message":"Serve listening on port 3000","service":"user-service"}
{"level":"info","message":"Serve listening on port 3000","service":"user-service"}
{"level":"info","message":"Serve listening on port 3000","service":"user-service"}
{"level":"info","message":"Serve listening on port 3000","service":"user-service"}
{"level":"info","message":"Serve listening on port 3000","service":"user-service"}
{"level":"info","message":"Serve listening on port 3000","service":"user-service"}
{"level":"info","message":"Serve listening on port 3000","service":"user-service"}
{"level":"info","message":"Serve listening on port 3000","service":"user-service"}
{"level":"info","message":"Serve listening on port 3000","service":"user-service"}
{"level":"info","message":"Serve listening on port 3000","service":"user-service"}
{"level":"info","message":"Serve listening on port 3000","service":"user-service"}
{"level":"info","message":"Serve listening on port 3000","service":"user-service"}
{"level":"info","message":"Serve listening on port 3000","service":"user-service"}
{"level":"info","message":"Serve listening on port 3000","service":"user-service"}
{"level":"info","message":"Serve listening on port 3000","service":"user-service"}
{"level":"info","message":"Serve listening on port 3000","service":"user-service"}
{"level":"info","message":"Serve listening on port 3000","service":"user-service"}
{"level":"info","message":"Serve listening on port 3000","service":"user-service"}
{"level":"info","message":"Serve listening on port 3000","service":"user-service"}
{"level":"info","message":"Serve listening on port 3000","service":"user-service"}
{"level":"info","message":"Serve listening on port 3000","service":"user-service"}
{"level":"info","message":"Serve listening on port 3000","service":"user-service"}
{"level":"info","message":"Serve listening on port 3000","service":"user-service"}
{"level":"info","message":"Serve listening on port 3000","service":"user-service"}
{"level":"info","message":"Serve listening on port 3000","service":"user-service"}
{"level":"info","message":"Serve listening on port 3000","service":"user-service"}
{"level":"info","message":"Serve listening on port 3000","service":"user-service"}
{"level":"info","message":"Serve listening on port 3000","service":"user-service"}
{"level":"info","message":"Serve listening on port 3000","service":"user-service"}
{"level":"info","message":"Serve listening on port 3000","service":"user-service"}
{"level":"info","message":"Serve listening on port 3000","service":"user-service"}
{"level":"info","message":"Serve listening on port 3000","service":"user-service"}
{"level":"info","message":"Serve listening on port 3000","service":"user-service"}
{"level":"info","message":"Serve listening on port 3000","service":"user-service"}
{"level":"info","message":"Serve listening on port 3000","service":"user-service"}
{"level":"info","message":"Serve listening on port 3000","service":"user-service"}
{"level":"info","message":"Serve listening on port 3000","service":"user-service"}
{"level":"info","message":"Serve listening on port 3000","service":"user-service"}
{"level":"info","message":"Serve listening on port 3000","service":"user-service"}
{"level":"info","message":"Serve listening on port 3000","service":"user-service"}
{"level":"info","message":"Serve listening on port 3000","service":"user-service"}
{"level":"info","message":"Serve listening on port 3000","service":"user-service"}
{"level":"info","message":"Serve listening on port 3000","service":"user-service"}
{"level":"info","message":"Serve listening on port 3000","service":"user-service"}
{"level":"info","message":"Serve listening on port 3000","service":"user-service"}
{"level":"info","message":"Serve listening on port 3000","service":"user-service"}
{"level":"info","message":"Serve listening on port 3000","service":"user-service"}
{"level":"info","message":"Serve listening on port 3000","service":"user-service"}
{"level":"info","message":"Serve listening on port 3000","service":"user-service"}
{"level":"info","message":"Serve listening on port 3000","service":"user-service"}
{"level":"info","message":"Serve listening on port 3000","service":"user-service"}
{"level":"info","message":"Serve listening on port 3000","service":"user-service"}
{"level":"info","message":"Serve listening on port 3000","service":"user-service"}
{"level":"info","message":"Serve listening on port 3000","service":"user-service"}
{"level":"info","message":"Serve listening on port 3000","service":"user-service"}
{"level":"info","message":"Serve listening on port 3000","service":"user-service"}
{"level":"info","message":"Serve listening on port 3000","service":"user-service"}
{"level":"info","message":"Serve listening on port 3000","service":"user-service"}
{"level":"info","message":"Serve listening on port 3000","service":"user-service"}
{"level":"info","message":"Serve listening on port 3000","service":"user-service"}
{"level":"info","message":"Serve listening on port 3000","service":"user-service"}
{"level":"info","message":"Serve listening on port 3000","service":"user-service"}
{"level":"info","message":"Serve listening on port 3000","service":"user-service"}
{"level":"info","message":"Serve listening on port 3000","service":"user-service"}
{"level":"info","message":"Serve listening on port 3000","service":"user-service"}
{"level":"info","message":"Serve listening on port 3000","service":"user-service"}
{"level":"info","message":"Serve listening on port 3000","service":"user-service"}
{"level":"info","message":"Serve listening on port 3000","service":"user-service"}
{"level":"info","message":"Serve listening on port 3000","service":"user-service"}
{"level":"info","message":"Serve listening on port 3000","service":"user-service"}
{"level":"info","message":"Serve listening on port 3000","service":"user-service"}
{"level":"info","message":"Serve listening on port 3000","service":"user-service"}
{"level":"info","message":"Serve listening on port 3000","service":"user-service"}
{"level":"info","message":"Serve listening on port 3000","service":"user-service"}
{"level":"info","message":"Serve listening on port 3000","service":"user-service"}
{"level":"info","message":"Serve listening on port 3000","service":"user-service"}
{"level":"info","message":"Serve listening on port 3000","service":"user-service"}
{"level":"info","message":"Serve listening on port 3000","service":"user-service"}
{"level":"info","message":"Serve listening on port 3000","service":"user-service"}
{"level":"info","message":"Serve listening on port 3000","service":"user-service"}
{"level":"info","message":"Serve listening on port 3000","service":"user-service"}
{"level":"info","message":"Serve listening on port 3000","service":"user-service"}
{"level":"info","message":"Serve listening on port 3000","service":"user-service"}
{"level":"info","message":"Serve listening on port 3000","service":"user-service"}
{"level":"info","message":"Serve listening on port 3000","service":"user-service"}
{"level":"info","message":"Serve listening on port 3000","service":"user-service"}
{"level":"info","message":"Serve listening on port 3000","service":"user-service"}
{"level":"info","message":"Serve listening on port 3000","service":"user-service"}
{"level":"info","message":"Serve listening on port 3000","service":"user-service"}
{"level":"info","message":"Serve listening on port 3000","service":"user-service"}
{"level":"info","message":"Serve listening on port 3000","service":"user-service"}
{"level":"info","message":"Serve listening on port 3000","service":"user-service"}
{"level":"error","message":"使用者不存在","service":"user-service"}
{"level":"info","message":"Serve listening on port 3000","service":"user-service"}
{"level":"error","message":"使用者不存在","service":"user-service"}
{"level":"info","message":"Serve listening on port 3000","service":"user-service"}
{"level":"error","message":456,"service":"user-service"}
{"level":"info","message":"Serve listening on port 3000","service":"user-service"}
{"level":"info","message":"Serve listening on port 3000","service":"user-service"}
{"level":"error","message":456,"service":"user-service"}
{"level":"error","message":456,"service":"user-service"}
{"level":"info","message":"Serve listening on port 3000","service":"user-service"}
{"level":"error","message":456,"service":"user-service"}
{"level":"info","message":"Serve listening on port 3000","service":"user-service"}
{"level":"error","message":456,"service":"user-service"}
{"level":"info","message":"Serve listening on port 3000","service":"user-service"}
{"level":"error","message":456,"service":"user-service"}
{"level":"info","message":"Serve listening on port 3000","service":"user-service"}
{"level":"error","message":456,"service":"user-service"}
{"level":"info","message":"Serve listening on port 3000","service":"user-service"}
{"level":"error","message":456,"service":"user-service"}
{"level":"info","message":"Serve listening on port 3000","service":"user-service"}
{"level":"error","message":456,"service":"user-service"}
{"level":"info","message":"Serve listening on port 3000","service":"user-service"}
{"level":"error","message":456,"service":"user-service"}
{"level":"info","message":"Serve listening on port 3000","service":"user-service"}
{"level":"error","message":456,"service":"user-service"}
{"level":"info","message":"Serve listening on port 3000","service":"user-service"}
{"level":"error","message":456,"service":"user-service"}
{"level":"info","message":"Serve listening on port 3000","service":"user-service"}
{"level":"error","message":456,"service":"user-service"}
{"level":"info","message":"Serve listening on port 3000","service":"user-service"}
{"level":"error","message":456,"service":"user-service"}
{"level":"info","message":"Serve listening on port 3000","service":"user-service"}
{"level":"error","message":456,"service":"user-service"}
{"level":"info","message":"Serve listening on port 3000","service":"user-service"}
{"level":"error","message":456,"service":"user-service"}
{"level":"info","message":"Serve listening on port 3000","service":"user-service"}
{"level":"error","message":"456","service":"user-service"}
{"level":"info","message":"Serve listening on port 3000","service":"user-service"}
{"level":"error","message":"使用者不存在","service":"user-service"}
{"level":"info","message":"Serve listening on port 3000","service":"user-service"}
{"level":"info","message":"Serve listening on port 3000","service":"user-service"}
{"level":"error","service":"user-service"}
{"level":"error","service":"user-service"}
{"level":"info","message":"Serve listening on port 3000","service":"user-service"}
{"level":"error","service":"user-service"}
{"level":"error","service":"user-service"}
{"level":"info","message":"Serve listening on port 3000","service":"user-service"}
{"level":"error","service":"user-service"}
{"level":"info","message":"Serve listening on port 3000","service":"user-service"}
{"level":"info","message":"Serve listening on port 3000","service":"user-service"}
{"level":"info","message":"Serve listening on port 3000","service":"user-service"}
{"level":"info","message":"Serve listening on port 3000","service":"user-service"}
{"level":"info","message":"Serve listening on port 3000","service":"user-service"}
{"level":"info","message":"Serve listening on port 3000","service":"user-service"}
{"level":"info","message":"Serve listening on port 3000","service":"user-service"}
{"level":"info","message":"Serve listening on port 3000","service":"user-service"}
{"level":"info","message":"Serve listening on port 3000","service":"user-service"}
{"level":"info","message":"Serve listening on port 3000","service":"user-service"}
{"level":"info","message":"Serve listening on port 3000","service":"user-service"}
{"level":"info","message":"Serve listening on port 3000","service":"user-service"}
{"level":"info","message":"Serve listening on port 3000","service":"user-service"}
{"level":"info","message":"Serve listening on port 3000","service":"user-service"}
{"level":"info","message":"Serve listening on port 3000","service":"user-service"}
{"level":"info","message":"Serve listening on port 3000","service":"user-service"}
{"level":"info","message":"Serve listening on port 5000","service":"user-service"}
{"level":"info","message":"Serve listening on port 5000","service":"user-service"}
{"level":"info","message":"Serve listening on port 5000","service":"user-service"}
{"level":"info","message":"Serve listening on port 5000","service":"user-service"}
{"level":"info","message":"Serve listening on port 5000","service":"user-service"}
{"level":"info","message":"Serve listening on port 5000","service":"user-service"}
{"level":"info","message":"Serve listening on port 3000","service":"user-service"}
{"level":"info","message":"Serve listening on port 3000","service":"user-service"}
{"level":"info","message":"Serve listening on port 3000","service":"user-service"}
{"level":"info","message":"Serve listening on port 3000","service":"user-service"}
{"level":"info","message":"Serve listening on port 3000","service":"user-service"}
{"level":"info","message":"Serve listening on port 3000","service":"user-service"}
{"level":"info","message":"Serve listening on port 3000","service":"user-service"}
{"level":"info","message":"Serve listening on port 3000","service":"user-service"}
{"level":"info","message":"Serve listening on port 3000","service":"user-service"}
{"level":"info","message":"Serve listening on port 3000","service":"user-service"}
{"level":"error","service":"user-service"}
{"level":"error","message":"email is required","service":"user-service"}
{"level":"info","message":"Serve listening on port 3000","service":"user-service"}
{"level":"info","message":"Serve listening on port 3000","service":"user-service"}
{"level":"error","service":"user-service"}
{"level":"info","message":"Serve listening on port 3000","service":"user-service"}
{"level":"info","message":"Serve listening on port 3000","service":"user-service"}
{"level":"error","service":"user-service"}
{"level":"info","message":"Serve listening on port 3000","service":"user-service"}
{"level":"info","message":"Serve listening on port 3000","service":"user-service"}
{"level":"info","message":"Serve listening on port 3000","service":"user-service"}
{"level":"info","message":"Serve listening on port 3000","service":"user-service"}
{"level":"info","message":"Serve listening on port 3000","service":"user-service"}
{"level":"error","service":"user-service"}
{"level":"error","message":"email is required","service":"user-service"}
{"level":"error","message":"email is required","service":"user-service"}
{"level":"error","message":"password is required","service":"user-service"}
{"level":"info","message":"Serve listening on port 3000","service":"user-service"}
{"level":"error","message":"User of the given eamil dose not exists","service":"user-service"}
{"level":"error","service":"user-service"}
{"level":"info","message":"Serve listening on port 3000","service":"user-service"}
{"level":"info","message":"Serve listening on port 3000","service":"user-service"}
{"level":"info","message":"Serve listening on port 3000","service":"user-service"}
{"level":"error","service":"user-service"}
{"level":"error","service":"user-service"}
{"level":"info","message":"Serve listening on port 3000","service":"user-service"}
{"level":"info","message":"Serve listening on port 3000","service":"user-service"}
{"level":"error","message":"invalid signature","name":"JsonWebTokenError","service":"user-service"}
{"level":"info","message":"Serve listening on port 3000","service":"user-service"}
{"level":"error","service":"user-service"}
{"level":"info","message":"Serve listening on port 3000","service":"user-service"}
{"level":"error","service":"user-service"}
{"level":"info","message":"Serve listening on port 3000","service":"user-service"}
{"level":"error","message":"somehting went wrong!","service":"user-service"}
{"level":"error","message":"somehting went wrong!","service":"user-service"}
{"level":"error","message":"somehting went wrong!","service":"user-service"}
{"level":"error","message":"somehting went wrong!","service":"user-service"}
{"level":"info","message":"Serve listening on port 3000","service":"user-service"}
{"level":"info","message":"Serve listening on port 3000","service":"user-service"}
{"level":"info","message":"Serve listening on port 3000","service":"user-service"}
{"level":"info","message":"Serve listening on port 3000","service":"user-service"}
{"level":"info","message":"Serve listening on port 3000","service":"user-service"}
{"level":"info","message":"Serve listening on port 3000","service":"user-service"}
{"level":"info","message":"Serve listening on port 3000","service":"user-service"}
{"level":"info","message":"Serve listening on port 3000","service":"user-service"}
{"level":"info","message":"Serve listening on port 3000","service":"user-service"}
{"level":"info","message":"Serve listening on port 3000","service":"user-service"}
{"level":"info","message":"Serve listening on port 3000","service":"user-service"}
{"level":"info","message":"Serve listening on port 3000","service":"user-service"}
{"level":"info","message":"Serve listening on port 3000","service":"user-service"}
{"level":"info","message":"Serve listening on port 3000","service":"user-service"}
{"level":"info","message":"Serve listening on port 3000","service":"user-service"}
{"level":"info","message":"Serve listening on port 3000","service":"user-service"}
{"level":"info","message":"Serve listening on port 3000","service":"user-service"}
{"level":"info","message":"Serve listening on port 3000","service":"user-service"}
{"level":"info","message":"Serve listening on port 3000","service":"user-service"}
{"level":"info","message":"Serve listening on port 3000","service":"user-service"}
{"level":"info","message":"Serve listening on port 3000","service":"user-service"}
{"level":"info","message":"Serve listening on port 3000","service":"user-service"}
{"level":"info","message":"Serve listening on port 3000","service":"user-service"}
{"level":"info","message":"Serve listening on port 3000","service":"user-service"}
{"level":"info","message":"Serve listening on port 3000","service":"user-service"}
{"level":"info","message":"Serve listening on port 3000","service":"user-service"}
{"level":"info","message":"Serve listening on port 3000","service":"user-service"}
{"level":"info","message":"Serve listening on port 3000","service":"user-service"}
{"level":"info","message":"Serve listening on port 3000","service":"user-service"}
{"level":"info","message":"Serve listening on port 3000","service":"user-service"}
{"level":"info","message":"Serve listening on port 3000","service":"user-service"}
{"level":"info","message":"Serve listening on port 3000","service":"user-service"}
{"level":"info","message":"Serve listening on port 3000","service":"user-service"}
{"level":"info","message":"Serve listening on port 3000","service":"user-service"}
{"level":"info","message":"Serve listening on port 3000","service":"user-service"}
{"level":"info","message":"Serve listening on port 3000","service":"user-service"}
{"level":"info","message":"Serve listening on port 3000","service":"user-service"}
{"level":"info","message":"Serve listening on port 3000","service":"user-service"}
{"level":"info","message":"Serve listening on port 3000","service":"user-service"}
{"level":"info","message":"Serve listening on port 3000","service":"user-service"}
{"level":"info","message":"Serve listening on port 3000","service":"user-service"}
{"level":"info","message":"Serve listening on port 3000","service":"user-service"}
{"level":"info","message":"Serve listening on port 3000","service":"user-service"}
{"level":"info","message":"Serve listening on port 3000","service":"user-service"}
{"level":"info","message":"Serve listening on port 3000","service":"user-service"}
{"level":"info","message":"Serve listening on port 3000","service":"user-service"}
{"level":"info","message":"Serve listening on port 3000","service":"user-service"}
{"level":"info","message":"Serve listening on port 3000","service":"user-service"}
{"level":"info","message":"Serve listening on port 3000","service":"user-service"}
{"level":"info","message":"Serve listening on port 3000","service":"user-service"}
{"level":"info","message":"Serve listening on port 3000","service":"user-service"}
{"level":"info","message":"Serve listening on port 3000","service":"user-service"}
{"level":"info","message":"Serve listening on port 3000","service":"user-service"}
{"level":"info","message":"Serve listening on port 3000","service":"user-service"}
{"level":"info","message":"Serve listening on port 3000","service":"user-service"}
{"level":"info","message":"Serve listening on port 3000","service":"user-service"}
{"level":"info","message":"Serve listening on port 3000","service":"user-service"}
{"level":"info","message":"Serve listening on port 3000","service":"user-service"}
{"level":"info","message":"Serve listening on port 3000","service":"user-service"}
{"level":"info","message":"Serve listening on port 3000","service":"user-service"}
{"level":"info","message":"Serve listening on port 3000","service":"user-service"}
{"level":"info","message":"Serve listening on port 3000","service":"user-service"}
{"level":"info","message":"Serve listening on port 3000","service":"user-service"}
{"level":"info","message":"Serve listening on port 3000","service":"user-service"}
{"level":"info","message":"Serve listening on port 3000","service":"user-service"}
{"level":"info","message":"Serve listening on port 3000","service":"user-service"}
{"level":"info","message":"Serve listening on port 3000","service":"user-service"}
{"level":"info","message":"Serve listening on port 3000","service":"user-service"}
{"level":"info","message":"Serve listening on port 3000","service":"user-service"}
{"level":"info","message":"Serve listening on port 3000","service":"user-service"}
{"level":"info","message":"Serve listening on port 3000","service":"user-service"}
{"level":"info","message":"Serve listening on port 3000","service":"user-service"}
{"level":"info","message":"Serve listening on port 3000","service":"user-service"}
{"level":"info","message":"Serve listening on port 3000","service":"user-service"}
{"level":"info","message":"Serve listening on port 3000","service":"user-service"}
{"level":"info","message":"Serve listening on port 3000","service":"user-service"}
{"level":"error","service":"user-service"}
{"level":"error","service":"user-service"}
{"level":"error","service":"user-service"}
{"level":"info","message":"Serve listening on port 3000","service":"user-service"}
{"level":"error","service":"user-service"}
{"level":"info","message":"Serve listening on port 3000","service":"user-service"}
{"level":"error","service":"user-service"}
{"level":"info","message":"Serve listening on port 3000","service":"user-service"}
{"level":"info","message":"Serve listening on port 3000","service":"user-service"}
{"level":"info","message":"Serve listening on port 3000","service":"user-service"}
{"level":"error","service":"user-service"}
{"level":"error","service":"user-service"}
{"level":"info","message":"Serve listening on port 3000","service":"user-service"}
{"level":"error","message":"Joi.string(...).valid(...).required(...).messagess is not a function","service":"user-service"}
{"level":"info","message":"Serve listening on port 3000","service":"user-service"}
{"level":"info","message":"Serve listening on port 3000","service":"user-service"}
{"level":"error","message":"Joi.string(...).valid(...).required(...).messagess is not a function","service":"user-service"}
{"level":"error","message":"Joi.string(...).valid(...).required(...).messagess is not a function","service":"user-service"}
{"level":"info","message":"Serve listening on port 3000","service":"user-service"}
{"level":"info","message":"Serve listening on port 3000","service":"user-service"}
{"level":"error","message":"Joi.string(...).valid(...).required(...).messagess is not a function","service":"user-service"}
{"level":"info","message":"Serve listening on port 3000","service":"user-service","timestamp":"2022-11-23T12:12:39.154Z"}
{"level":"error","message":"Joi.string(...).valid(...).required(...).messagess is not a function","service":"user-service","timestamp":"2022-11-23T12:12:44.839Z"}
{"level":"info","message":"Serve listening on port 3000","service":"user-service","timestamp":"2022-11-23T12:13:21.057Z"}
{"level":"info","message":"Serve listening on port 3000","service":"user-service","timestamp":"2022-11-23T12:13:49.368Z"}
{"level":"info","message":"Serve listening on port 3000","service":"user-service","timestamp":"2022-11-23T12:14:13.287Z"}
{"level":"info","message":"Serve listening on port 3000","service":"user-service","timestamp":"2022-11-23T12:18:16.704Z"}
{"level":"error","message":"Must provide a valid Error object or a function","service":"user-service","timestamp":"2022-11-23T12:18:17.206Z"}
{"level":"info","message":"Serve listening on port 3000","service":"user-service","timestamp":"2022-11-23T12:18:32.097Z"}
{"level":"error","message":"Must provide a valid Error object or a function","service":"user-service","timestamp":"2022-11-23T12:18:34.854Z"}
{"level":"info","message":"Serve listening on port 3000","service":"user-service","timestamp":"2022-11-23T12:18:56.121Z"}
{"level":"error","message":"Cannot read properties of undefined (reading '0')","service":"user-service","timestamp":"2022-11-23T12:18:58.317Z"}
{"level":"error","message":"Cannot read properties of undefined (reading '0')","service":"user-service","timestamp":"2022-11-23T12:19:06.693Z"}
{"level":"info","message":"Serve listening on port 3000","service":"user-service","timestamp":"2022-11-23T12:20:10.238Z"}
{"level":"error","message":"Cannot read properties of undefined (reading '0')","service":"user-service","timestamp":"2022-11-23T12:20:15.013Z"}
{"level":"info","message":"Serve listening on port 3000","service":"user-service","timestamp":"2022-11-23T12:22:09.884Z"}
{"level":"info","message":"Serve listening on port 3000","service":"user-service","timestamp":"2022-11-23T12:23:11.942Z"}
{"level":"info","message":"Serve listening on port 3000","service":"user-service","timestamp":"2022-11-23T12:23:43.577Z"}
{"level":"info","message":"Serve listening on port 3000","service":"user-service","timestamp":"2022-11-23T12:24:49.390Z"}
{"level":"info","message":"Serve listening on port 3000","service":"user-service","timestamp":"2022-11-23T12:26:10.626Z"}
{"level":"info","message":"Serve listening on port 3000","service":"user-service","timestamp":"2022-11-23T12:27:17.607Z"}
{"level":"info","message":"Serve listening on port 3000","service":"user-service","timestamp":"2022-11-23T12:29:24.408Z"}
{"level":"info","message":"Serve listening on port 3000","service":"user-service","timestamp":"2022-11-23T12:30:55.678Z"}
{"level":"info","message":"Serve listening on port 3000","service":"user-service","timestamp":"2022-11-23T12:31:35.640Z"}
{"level":"info","message":"Serve listening on port 3000","service":"user-service","timestamp":"2022-11-24T04:46:41.524Z"}
{"level":"info","message":"Serve listening on port 3000","service":"user-service","timestamp":"2022-11-24T04:58:57.659Z"}
{"level":"info","message":"Serve listening on port 3000","service":"user-service","timestamp":"2022-11-24T05:00:23.351Z"}
{"level":"info","message":"Serve listening on port 3000","service":"user-service","timestamp":"2022-11-24T09:04:31.093Z"}
{"level":"info","message":"Serve listening on port 3000","service":"user-service","timestamp":"2022-11-24T09:05:59.129Z"}
{"level":"info","message":"Serve listening on port 3000","service":"user-service","timestamp":"2022-11-24T09:06:36.987Z"}
{"level":"info","message":"Serve listening on port 3000","service":"user-service","timestamp":"2022-11-24T09:07:28.800Z"}
{"level":"info","message":"Serve listening on port 3000","service":"user-service","timestamp":"2022-11-24T09:07:46.625Z"}
{"level":"info","message":"Serve listening on port 3000","service":"user-service","timestamp":"2022-11-28T08:54:46.263Z"}
{"level":"info","message":"Serve listening on port 3000","service":"user-service","timestamp":"2022-11-28T08:59:46.285Z"}
{"level":"info","message":"Serve listening on port 3000","service":"user-service","timestamp":"2022-11-28T09:06:30.109Z"}
{"level":"info","message":"Serve listening on port 3000","service":"user-service","timestamp":"2022-11-28T09:07:02.204Z"}
{"level":"info","message":"Serve listening on port 3000","service":"user-service","timestamp":"2022-11-28T09:07:28.686Z"}
{"level":"info","message":"Serve listening on port 3000","service":"user-service","timestamp":"2022-11-28T09:07:42.572Z"}
{"level":"error","message":"Cast to ObjectId failed for value \"637f39c16263ee00d\" (type string) at path \"_id\" for model \"User\"","service":"user-service","timestamp":"2022-11-28T09:30:08.997Z"}
{"level":"error","message":"Cast to ObjectId failed for value \"637f39c16263ee00d\" (type string) at path \"_id\" for model \"User\"","service":"user-service","timestamp":"2022-11-28T09:30:09.196Z"}
{"level":"error","message":"Cast to ObjectId failed for value \"637f39\" (type string) at path \"_id\" for model \"User\"","service":"user-service","timestamp":"2022-11-28T09:30:41.197Z"}
{"level":"error","message":"Cast to ObjectId failed for value \"637f39\" (type string) at path \"_id\" for model \"User\"","service":"user-service","timestamp":"2022-11-28T09:30:41.390Z"}
{"level":"error","message":"Cast to ObjectId failed for value \"637f39\" (type string) at path \"_id\" for model \"User\"","service":"user-service","timestamp":"2022-11-28T09:31:36.083Z"}
{"level":"error","message":"Cast to ObjectId failed for value \"637f39\" (type string) at path \"_id\" for model \"User\"","service":"user-service","timestamp":"2022-11-28T09:31:39.037Z"}
{"level":"error","message":"Cast to ObjectId failed for value \"637f39\" (type string) at path \"_id\" for model \"User\"","service":"user-service","timestamp":"2022-11-28T09:31:42.034Z"}
{"level":"error","message":"Cast to ObjectId failed for value \"637f39\" (type string) at path \"_id\" for model \"User\"","service":"user-service","timestamp":"2022-11-28T09:31:46.042Z"}
{"level":"error","message":"Cast to ObjectId failed for value \"637f39\" (type string) at path \"_id\" for model \"User\"","service":"user-service","timestamp":"2022-11-28T09:31:48.610Z"}
{"level":"error","message":"Cast to ObjectId failed for value \"637f39\" (type string) at path \"_id\" for model \"User\"","service":"user-service","timestamp":"2022-11-28T09:31:51.135Z"}
{"level":"error","message":"Cast to ObjectId failed for value \"637f39\" (type string) at path \"_id\" for model \"User\"","service":"user-service","timestamp":"2022-11-28T09:31:51.330Z"}
{"level":"error","message":"Cast to ObjectId failed for value \"637f39c16263ee00d2\" (type string) at path \"_id\" for model \"User\"","service":"user-service","timestamp":"2022-11-28T09:32:57.067Z"}
{"level":"error","message":"Cast to ObjectId failed for value \"637f39c16263ee00d2\" (type string) at path \"_id\" for model \"User\"","service":"user-service","timestamp":"2022-11-28T09:32:57.263Z"}
{"level":"info","message":"Serve listening on port 3000","service":"user-service","timestamp":"2022-11-28T09:33:45.892Z"}
{"level":"error","message":"Cast to ObjectId failed for value \"637f39c16263ee00d2\" (type string) at path \"_id\" for model \"User\"","service":"user-service","timestamp":"2022-11-28T09:33:47.409Z"}
{"level":"error","message":"Cast to ObjectId failed for value \"637f39c16263ee00d2\" (type string) at path \"_id\" for model \"User\"","service":"user-service","timestamp":"2022-11-28T09:33:47.613Z"}
{"level":"info","message":"Serve listening on port 3000","service":"user-service","timestamp":"2022-11-28T09:34:31.667Z"}
{"level":"error","message":"Cast to ObjectId failed for value \"637f39c16263ee00d2\" (type string) at path \"_id\" for model \"User\"","service":"user-service","timestamp":"2022-11-28T09:34:38.843Z"}
{"level":"error","message":"Cast to ObjectId failed for value \"637f39c16263ee00d2\" (type string) at path \"_id\" for model \"User\"","service":"user-service","timestamp":"2022-11-28T09:34:39.041Z"}
{"level":"info","message":"Serve listening on port 3000","service":"user-service","timestamp":"2022-11-28T10:13:39.834Z"}
{"level":"info","message":"Serve listening on port 3000","service":"user-service","timestamp":"2022-11-28T10:14:04.740Z"}
{"level":"error","message":"Cast to ObjectId failed for value \"ads\" (type string) at path \"_id\" for model \"User\"","service":"user-service","timestamp":"2022-11-28T10:15:45.220Z"}
{"level":"error","message":"Cast to ObjectId failed for value \"637f39c16263ee00d2fb9cd\" (type string) at path \"_id\" for model \"User\"","service":"user-service","timestamp":"2022-11-28T10:16:29.519Z"}
{"level":"info","message":"Serve listening on port 3000","service":"user-service","timestamp":"2022-11-28T10:17:15.023Z"}
{"level":"info","message":"Serve listening on port 3000","service":"user-service","timestamp":"2022-11-28T10:17:32.307Z"}
{"level":"error","message":"Cast to ObjectId failed for value \"637f39c16263ee00d2fb9cd\" (type string) at path \"_id\" for model \"User\"","service":"user-service","timestamp":"2022-11-28T10:17:40.641Z"}
{"level":"info","message":"Serve listening on port 3000","service":"user-service","timestamp":"2022-11-28T10:41:47.263Z"}
{"level":"info","message":"Serve listening on port 3000","service":"user-service","timestamp":"2022-11-28T11:25:31.153Z"}
{"level":"info","message":"Serve listening on port 3000","service":"user-service","timestamp":"2022-11-28T11:27:31.585Z"}
{"level":"error","message":"Cast to ObjectId failed for value \"asd\" (type string) at path \"_id\" for model \"User\"","service":"user-service","timestamp":"2022-11-28T11:27:36.189Z"}
{"level":"info","message":"Serve listening on port 3000","service":"user-service","timestamp":"2022-11-28T11:28:00.396Z"}
{"level":"error","message":"Operation `users.findOneAndDelete()` buffering timed out after 10000ms","service":"user-service","timestamp":"2022-11-28T11:28:13.495Z"}
{"level":"info","message":"Serve listening on port 3000","service":"user-service","timestamp":"2022-11-28T11:28:42.517Z"}
{"level":"error","message":"Operation `users.findOneAndDelete()` buffering timed out after 10000ms","service":"user-service","timestamp":"2022-11-28T11:28:52.940Z"}
{"level":"info","message":"Serve listening on port 3000","service":"user-service","timestamp":"2022-11-28T11:31:04.900Z"}
{"level":"info","message":"Serve listening on port 3000","service":"user-service","timestamp":"2022-11-28T11:32:25.465Z"}
{"level":"info","message":"Serve listening on port 3000","service":"user-service","timestamp":"2022-11-28T11:33:08.732Z"}
{"level":"error","message":"Operation `users.findOne()` buffering timed out after 10000ms","service":"user-service","timestamp":"2022-11-28T11:33:24.023Z"}
{"level":"info","message":"Serve listening on port 3000","service":"user-service","timestamp":"2022-11-28T11:33:59.258Z"}
{"level":"error","message":"Operation `users.findOne()` buffering timed out after 10000ms","service":"user-service","timestamp":"2022-11-28T11:34:09.519Z"}
{"level":"info","message":"Serve listening on port 3000","service":"user-service","timestamp":"2022-11-28T11:35:11.667Z"}
{"level":"info","message":"Serve listening on port 3000","service":"user-service","timestamp":"2022-11-28T11:35:20.614Z"}
{"level":"info","message":"Serve listening on port 3000","service":"user-service","timestamp":"2022-11-28T11:36:22.415Z"}
{"level":"info","message":"Serve listening on port 3000","service":"user-service","timestamp":"2022-11-28T11:37:31.503Z"}
{"level":"info","message":"Serve listening on port 3000","service":"user-service","timestamp":"2022-11-28T11:39:09.120Z"}
{"level":"info","message":"Serve listening on port 3000","service":"user-service","timestamp":"2022-11-28T11:39:48.580Z"}
{"level":"info","message":"Serve listening on port 3000","service":"user-service","timestamp":"2022-11-28T11:40:21.935Z"}
{"level":"info","message":"Serve listening on port 3000","service":"user-service","timestamp":"2022-11-28T11:41:06.728Z"}
{"level":"info","message":"Serve listening on port 3000","service":"user-service","timestamp":"2022-11-28T11:41:14.571Z"}
{"level":"info","message":"Serve listening on port 3000","service":"user-service","timestamp":"2022-11-28T11:42:51.623Z"}
{"level":"info","message":"Serve listening on port 3000","service":"user-service","timestamp":"2022-11-28T11:43:30.085Z"}
{"level":"info","message":"Serve listening on port 3000","service":"user-service","timestamp":"2022-11-28T11:44:42.606Z"}
{"level":"info","message":"Serve listening on port 3000","service":"user-service","timestamp":"2022-11-28T11:45:26.109Z"}
{"level":"info","message":"Serve listening on port 3000","service":"user-service","timestamp":"2022-11-28T11:46:30.749Z"}
{"level":"info","message":"Serve listening on port 3000","service":"user-service","timestamp":"2022-11-29T10:12:00.390Z"}
{"level":"info","message":"Serve listening on port 3000","service":"user-service","timestamp":"2022-11-29T10:17:02.973Z"}
{"level":"info","message":"Serve listening on port 3000","service":"user-service","timestamp":"2022-11-29T10:17:12.287Z"}
{"level":"info","message":"Serve listening on port 3000","service":"user-service","timestamp":"2022-11-29T10:17:21.988Z"}
{"level":"info","message":"Serve listening on port 3000","service":"user-service","timestamp":"2022-11-29T11:03:49.576Z"}
{"level":"info","message":"Serve listening on port 3000","service":"user-service","timestamp":"2022-11-29T11:04:26.117Z"}
{"level":"info","message":"Serve listening on port 3000","service":"user-service","timestamp":"2022-11-29T11:16:02.905Z"}
{"level":"info","message":"Serve listening on port 3000","service":"user-service","timestamp":"2022-11-29T11:17:25.446Z"}
{"level":"info","message":"Serve listening on port 3000","service":"user-service","timestamp":"2022-11-29T11:18:23.929Z"}
{"level":"info","message":"Serve listening on port 3000","service":"user-service","timestamp":"2022-11-29T11:18:32.041Z"}
{"level":"info","message":"Serve listening on port 3000","service":"user-service","timestamp":"2022-11-29T11:19:07.528Z"}
{"level":"error","message":"Cast to ObjectId failed for value \"asd\" (type string) at path \"_id\" for model \"User\"","service":"user-service","timestamp":"2022-11-29T11:19:08.090Z"}
{"level":"info","message":"Serve listening on port 3000","service":"user-service","timestamp":"2022-11-29T11:20:26.429Z"}
{"level":"info","message":"Serve listening on port 3000","service":"user-service","timestamp":"2022-11-29T11:21:27.310Z"}
{"level":"error","message":"Cast to ObjectId failed for value \"asd\" (type string) at path \"_id\" for model \"User\"","service":"user-service","timestamp":"2022-11-29T11:21:37.094Z"}
{"level":"info","message":"Serve listening on port 3000","service":"user-service","timestamp":"2022-11-29T11:22:57.507Z"}
{"level":"info","message":"Serve listening on port 3000","service":"user-service","timestamp":"2022-11-29T11:23:57.158Z"}
{"level":"info","message":"Serve listening on port 3000","service":"user-service","timestamp":"2022-11-29T11:24:12.733Z"}
{"level":"info","message":"Serve listening on port 3000","service":"user-service","timestamp":"2022-11-29T11:25:03.936Z"}
{"level":"info","message":"Serve listening on port 3000","service":"user-service","timestamp":"2022-11-29T11:25:41.497Z"}
{"level":"info","message":"Serve listening on port 3000","service":"user-service","timestamp":"2022-11-29T11:32:07.049Z"}
{"level":"info","message":"Serve listening on port 3000","service":"user-service","timestamp":"2022-11-29T11:32:47.495Z"}
{"level":"info","message":"Serve listening on port 3000","service":"user-service","timestamp":"2022-11-29T11:33:16.435Z"}
{"level":"info","message":"Serve listening on port 3000","service":"user-service","timestamp":"2022-11-29T11:33:51.618Z"}
{"level":"error","message":"mongoose is not defined","service":"user-service","timestamp":"2022-11-29T11:33:53.580Z"}
{"level":"info","message":"Serve listening on port 3000","service":"user-service","timestamp":"2022-11-29T11:34:12.442Z"}
{"level":"error","message":"mongoose is not defined","service":"user-service","timestamp":"2022-11-29T11:34:15.356Z"}
{"level":"error","message":"mongoose is not defined","service":"user-service","timestamp":"2022-11-29T11:34:23.246Z"}
{"level":"info","message":"Serve listening on port 3000","service":"user-service","timestamp":"2022-11-29T11:35:00.614Z"}
{"level":"error","message":"invalid object id","service":"user-service","timestamp":"2022-11-29T11:35:00.995Z"}
{"level":"info","message":"Serve listening on port 3000","service":"user-service","timestamp":"2022-11-29T11:35:45.233Z"}
{"level":"error","message":"invalid object id","service":"user-service","timestamp":"2022-11-29T11:35:45.443Z"}
{"level":"info","message":"Serve listening on port 3000","service":"user-service","timestamp":"2022-11-29T11:37:31.619Z"}
{"level":"info","message":"Serve listening on port 3000","service":"user-service","timestamp":"2022-11-29T11:38:10.050Z"}
{"level":"info","message":"Serve listening on port 3000","service":"user-service","timestamp":"2022-11-29T11:40:40.643Z"}
{"level":"info","message":"Serve listening on port 3000","service":"user-service","timestamp":"2022-11-29T11:41:07.914Z"}
{"level":"info","message":"Serve listening on port 3000","service":"user-service","timestamp":"2022-11-29T11:41:32.024Z"}
{"level":"error","message":"invalid object id","service":"user-service","timestamp":"2022-11-29T11:41:32.617Z"}
{"level":"info","message":"Serve listening on port 3000","service":"user-service","timestamp":"2022-11-29T11:41:45.131Z"}
{"level":"error","message":"invalid object id","service":"user-service","timestamp":"2022-11-29T11:41:47.430Z"}
{"level":"info","message":"Serve listening on port 3000","service":"user-service","timestamp":"2022-11-29T11:42:11.458Z"}
{"level":"info","message":"Serve listening on port 3000","service":"user-service","timestamp":"2022-11-29T23:26:57.892Z"}
{"level":"info","message":"Serve listening on port 3000","service":"user-service","timestamp":"2022-11-29T23:28:32.422Z"}
{"level":"info","message":"Serve listening on port 3000","service":"user-service","timestamp":"2022-11-29T23:29:23.721Z"}
{"level":"info","message":"Serve listening on port 3000","service":"user-service","timestamp":"2022-11-29T23:30:07.331Z"}
{"level":"info","message":"Serve listening on port 3000","service":"user-service","timestamp":"2022-11-29T23:30:49.906Z"}
{"level":"info","message":"Serve listening on port 3000","service":"user-service","timestamp":"2022-11-29T23:31:05.616Z"}
{"level":"info","message":"Serve listening on port 3000","service":"user-service","timestamp":"2022-11-29T23:31:42.537Z"}
{"level":"info","message":"Serve listening on port 3000","service":"user-service","timestamp":"2022-11-29T23:32:01.093Z"}
{"level":"info","message":"Serve listening on port 3000","service":"user-service","timestamp":"2022-11-29T23:32:09.698Z"}
{"level":"info","message":"Serve listening on port 3000","service":"user-service","timestamp":"2022-11-29T23:34:04.496Z"}
{"level":"error","message":"mongoose is not defined","service":"user-service","timestamp":"2022-11-29T23:34:08.851Z"}
{"level":"info","message":"Serve listening on port 3000","service":"user-service","timestamp":"2022-11-29T23:34:52.987Z"}
{"level":"error","message":"invalid object id","service":"user-service","timestamp":"2022-11-29T23:34:58.261Z"}
{"level":"info","message":"Serve listening on port 3000","service":"user-service","timestamp":"2022-11-29T23:36:44.481Z"}
{"level":"error","message":"invalid object id","service":"user-service","timestamp":"2022-11-29T23:37:13.617Z"}
{"level":"error","message":"invalid object id","service":"user-service","timestamp":"2022-11-29T23:37:29.126Z"}
{"level":"info","message":"Serve listening on port 3000","service":"user-service","timestamp":"2022-11-29T23:38:21.554Z"}
{"level":"info","message":"Serve listening on port 3000","service":"user-service","timestamp":"2022-11-29T23:38:47.604Z"}
{"level":"error","message":"invalid object id","service":"user-service","timestamp":"2022-11-29T23:39:40.990Z"}
{"level":"info","message":"Serve listening on port 3000","service":"user-service","timestamp":"2022-11-29T23:40:16.928Z"}
{"level":"info","message":"Serve listening on port 3000","service":"user-service","timestamp":"2022-11-29T23:45:17.543Z"}
{"level":"info","message":"Serve listening on port 3000","service":"user-service","timestamp":"2022-11-29T23:52:08.599Z"}
{"level":"info","message":"Serve listening on port 3000","service":"user-service","timestamp":"2022-11-29T23:52:23.717Z"}
{"level":"info","message":"Serve listening on port 3000","service":"user-service","timestamp":"2022-11-29T23:53:16.115Z"}
{"level":"info","message":"Serve listening on port 3000","service":"user-service","timestamp":"2022-11-29T23:54:36.643Z"}
{"level":"info","message":"Serve listening on port 3000","service":"user-service","timestamp":"2022-11-29T23:55:26.630Z"}
{"level":"info","message":"Serve listening on port 3000","service":"user-service","timestamp":"2022-11-30T05:54:37.071Z"}
{"level":"info","message":"Serve listening on port 3000","service":"user-service","timestamp":"2022-11-30T05:54:59.957Z"}
{"level":"info","message":"Serve listening on port 3000","service":"user-service","timestamp":"2022-11-30T05:57:05.664Z"}
{"level":"info","message":"Serve listening on port 3000","service":"user-service","timestamp":"2022-11-30T05:57:30.499Z"}
{"level":"info","message":"Serve listening on port 3000","service":"user-service","timestamp":"2022-11-30T08:37:42.620Z"}
{"level":"error","message":"invalid object id","service":"user-service","timestamp":"2022-11-30T08:39:42.686Z"}
{"level":"info","message":"Serve listening on port 3000","service":"user-service","timestamp":"2022-11-30T08:40:48.326Z"}
{"level":"info","message":"Serve listening on port 3000","service":"user-service","timestamp":"2022-11-30T08:41:22.723Z"}
{"level":"info","message":"Serve listening on port 3000","service":"user-service","timestamp":"2022-11-30T08:41:39.987Z"}
{"level":"error","message":"invalid object id","service":"user-service","timestamp":"2022-11-30T08:42:00.247Z"}
{"level":"info","message":"Serve listening on port 3000","service":"user-service","timestamp":"2022-11-30T09:02:37.166Z"}
{"level":"info","message":"Serve listening on port 3000","service":"user-service","timestamp":"2022-11-30T10:46:43.364Z"}
{"level":"error","message":"invalid object id","service":"user-service","timestamp":"2022-11-30T10:54:56.039Z"}
{"level":"error","message":"invalid object id","service":"user-service","timestamp":"2022-11-30T10:54:56.170Z"}
{"level":"error","message":"invalid object id","service":"user-service","timestamp":"2022-11-30T10:56:00.850Z"}
{"level":"error","message":"invalid object id","service":"user-service","timestamp":"2022-11-30T10:56:00.979Z"}
{"level":"info","message":"Serve listening on port 3000","service":"user-service","timestamp":"2022-11-30T10:58:09.732Z"}
{"level":"error","message":"invalid object id","service":"user-service","timestamp":"2022-11-30T10:58:16.806Z"}
{"level":"error","message":"invalid object id","service":"user-service","timestamp":"2022-11-30T10:58:16.938Z"}
{"level":"error","message":"invalid object id","service":"user-service","timestamp":"2022-11-30T10:59:03.564Z"}
{"level":"error","message":"invalid object id","service":"user-service","timestamp":"2022-11-30T11:24:50.752Z"}
{"level":"error","message":"invalid object id","service":"user-service","timestamp":"2022-11-30T11:24:50.888Z"}
{"level":"error","message":"invalid object id","service":"user-service","timestamp":"2022-11-30T11:26:15.563Z"}
{"level":"error","message":"invalid object id","service":"user-service","timestamp":"2022-11-30T11:26:19.502Z"}
{"level":"error","message":"invalid object id","service":"user-service","timestamp":"2022-11-30T11:26:21.506Z"}
{"level":"error","message":"invalid object id","service":"user-service","timestamp":"2022-11-30T11:26:36.550Z"}
{"level":"error","message":"invalid object id","service":"user-service","timestamp":"2022-11-30T11:26:39.507Z"}
{"level":"error","message":"invalid object id","service":"user-service","timestamp":"2022-11-30T11:26:46.506Z"}
{"level":"error","message":"invalid object id","service":"user-service","timestamp":"2022-11-30T11:26:50.558Z"}
{"level":"error","message":"invalid object id","service":"user-service","timestamp":"2022-11-30T11:26:52.898Z"}
{"level":"error","message":"invalid object id","service":"user-service","timestamp":"2022-11-30T11:27:02.395Z"}
{"level":"error","message":"error is not defined","service":"user-service","timestamp":"2022-11-30T11:34:34.947Z"}
{"level":"error","message":"error is not defined","service":"user-service","timestamp":"2022-11-30T11:35:42.114Z"}
{"level":"info","message":"Serve listening on port 3000","service":"user-service","timestamp":"2022-11-30T11:37:18.868Z"}
{"level":"info","message":"Serve listening on port 3000","service":"user-service","timestamp":"2022-11-30T11:38:34.957Z"}
{"level":"info","message":"Serve listening on port 3000","service":"user-service","timestamp":"2022-11-30T11:41:52.629Z"}
{"level":"info","message":"Serve listening on port 3000","service":"user-service","timestamp":"2022-11-30T12:55:18.101Z"}
{"level":"info","message":"Serve listening on port 3000","service":"user-service","timestamp":"2022-11-30T23:48:02.549Z"}
{"level":"info","message":"Serve listening on port 3000","service":"user-service","timestamp":"2022-11-30T23:52:00.308Z"}
{"level":"info","message":"Serve listening on port 3000","service":"user-service","timestamp":"2022-11-30T23:52:06.908Z"}
{"level":"info","message":"Serve listening on port 3000","service":"user-service","timestamp":"2022-12-01T00:28:34.314Z"}
{"level":"info","message":"Serve listening on port 3000","service":"user-service","timestamp":"2022-12-01T00:28:54.968Z"}
{"level":"info","message":"Serve listening on port 3000","service":"user-service","timestamp":"2022-12-01T00:29:56.598Z"}
{"level":"info","message":"Serve listening on port 3000","service":"user-service","timestamp":"2022-12-01T00:30:29.714Z"}
{"level":"info","message":"Serve listening on port 3000","service":"user-service","timestamp":"2022-12-01T08:27:10.177Z"}
{"level":"info","message":"Serve listening on port 3000","service":"user-service","timestamp":"2022-12-01T08:28:13.323Z"}
{"level":"info","message":"Serve listening on port 3000","service":"user-service","timestamp":"2022-12-01T08:29:18.510Z"}
{"level":"info","message":"Serve listening on port 3000","service":"user-service","timestamp":"2022-12-01T08:30:55.393Z"}
{"level":"info","message":"Serve listening on port 3000","service":"user-service","timestamp":"2022-12-01T12:28:58.651Z"}
{"level":"info","message":"Serve listening on port 3000","service":"user-service","timestamp":"2022-12-01T12:37:52.050Z"}
{"level":"info","message":"Serve listening on port 3000","service":"user-service","timestamp":"2022-12-01T12:39:55.953Z"}
{"level":"info","message":"Serve listening on port 3000","service":"user-service","timestamp":"2022-12-01T12:40:41.718Z"}
{"level":"info","message":"Serve listening on port 3000","service":"user-service","timestamp":"2022-12-01T12:44:08.015Z"}
{"level":"info","message":"Serve listening on port 3000","service":"user-service","timestamp":"2022-12-01T12:44:22.024Z"}
{"level":"info","message":"Serve listening on port 3000","service":"user-service","timestamp":"2022-12-01T12:45:59.925Z"}
{"level":"info","message":"Serve listening on port 3000","service":"user-service","timestamp":"2022-12-01T12:46:52.959Z"}
{"level":"info","message":"Serve listening on port 3000","service":"user-service","timestamp":"2022-12-01T23:40:44.612Z"}
{"level":"info","message":"Serve listening on port 3000","service":"user-service","timestamp":"2022-12-01T23:42:25.013Z"}
{"level":"info","message":"Serve listening on port 3000","service":"user-service","timestamp":"2022-12-01T23:48:11.901Z"}
{"level":"info","message":"Serve listening on port 3000","service":"user-service","timestamp":"2022-12-01T23:49:53.656Z"}
{"level":"info","message":"Serve listening on port 3000","service":"user-service","timestamp":"2022-12-01T23:51:06.709Z"}
{"level":"info","message":"Serve listening on port 3000","service":"user-service","timestamp":"2022-12-03T04:17:09.555Z"}
{"level":"info","message":"Serve listening on port 3000","service":"user-service","timestamp":"2022-12-03T04:17:44.053Z"}
{"level":"info","message":"Serve listening on port 3000","service":"user-service","timestamp":"2022-12-03T07:24:07.441Z"}
{"level":"info","message":"Serve listening on port 3000","service":"user-service","timestamp":"2022-12-04T15:28:30.423Z"}
{"level":"info","message":"Serve listening on port 3000","service":"user-service","timestamp":"2022-12-06T12:04:21.139Z"}
{"level":"info","message":"Serve listening on port 3000","service":"user-service","timestamp":"2022-12-06T12:04:42.513Z"}
{"level":"info","message":"Serve listening on port 3000","service":"user-service","timestamp":"2022-12-07T12:07:19.124Z"}
{"level":"info","message":"Serve listening on port 3000","service":"user-service","timestamp":"2022-12-08T13:32:11.686Z"}
{"level":"info","message":"Serve listening on port 3000","service":"user-service","timestamp":"2022-12-08T13:40:19.332Z"}
{"level":"info","message":"Serve listening on port 3000","service":"user-service","timestamp":"2022-12-08T13:40:32.183Z"}
{"level":"info","message":"Serve listening on port 3000","service":"user-service","timestamp":"2022-12-08T13:41:53.780Z"}
{"level":"info","message":"Serve listening on port 3000","service":"user-service","timestamp":"2022-12-08T13:44:45.107Z"}
{"level":"info","message":"Serve listening on port 3000","service":"user-service","timestamp":"2022-12-20T11:20:37.362Z"}
{"level":"info","message":"Serve listening on port 3000","service":"user-service","timestamp":"2022-12-20T11:33:56.077Z"}
{"level":"info","message":"Serve listening on port 3000","service":"user-service","timestamp":"2022-12-20T11:35:48.863Z"}
{"level":"info","message":"Serve listening on port 3000","service":"user-service","timestamp":"2022-12-20T11:38:13.198Z"}
{"level":"info","message":"Serve listening on port 3000","service":"user-service","timestamp":"2022-12-20T11:38:47.776Z"}
{"level":"info","message":"Serve listening on port 3000","service":"user-service","timestamp":"2022-12-20T11:39:20.058Z"}
{"level":"info","message":"Serve listening on port 3000","service":"user-service","timestamp":"2022-12-20T11:39:47.810Z"}
{"level":"info","message":"Serve listening on port 3000","service":"user-service","timestamp":"2022-12-20T11:40:21.701Z"}
{"level":"info","message":"Serve listening on port 3000","service":"user-service","timestamp":"2022-12-20T11:41:03.553Z"}
{"level":"info","message":"Serve listening on port 3000","service":"user-service","timestamp":"2022-12-20T11:45:55.946Z"}
{"level":"info","message":"Serve listening on port 3000","service":"user-service","timestamp":"2022-12-20T11:47:22.102Z"}
{"level":"info","message":"Serve listening on port 3000","service":"user-service","timestamp":"2022-12-20T11:48:03.143Z"}
{"level":"info","message":"Serve listening on port 3000","service":"user-service","timestamp":"2022-12-20T11:48:35.142Z"}
{"level":"info","message":"Serve listening on port 3000","service":"user-service","timestamp":"2022-12-20T11:52:56.771Z"}
{"level":"info","message":"Serve listening on port 3000","service":"user-service","timestamp":"2022-12-20T11:53:30.683Z"}
{"level":"info","message":"Serve listening on port 3000","service":"user-service","timestamp":"2022-12-20T11:54:03.457Z"}
{"level":"info","message":"Serve listening on port 3000","service":"user-service","timestamp":"2022-12-20T11:54:27.455Z"}
{"level":"info","message":"Serve listening on port 3000","service":"user-service","timestamp":"2022-12-20T11:59:55.478Z"}
{"level":"info","message":"Serve listening on port 3000","service":"user-service","timestamp":"2022-12-20T12:51:00.042Z"}
{"level":"info","message":"Serve listening on port 3000","service":"user-service","timestamp":"2022-12-20T12:55:30.758Z"}
{"level":"info","message":"Serve listening on port 3000","service":"user-service","timestamp":"2022-12-20T12:56:06.622Z"}
{"level":"info","message":"Serve listening on port 3000","service":"user-service","timestamp":"2022-12-20T12:59:05.238Z"}
{"level":"info","message":"Serve listening on port 3000","service":"user-service","timestamp":"2022-12-20T13:00:41.782Z"}
{"level":"info","message":"Serve listening on port 3000","service":"user-service","timestamp":"2022-12-20T13:01:10.146Z"}
{"level":"info","message":"Serve listening on port 3000","service":"user-service","timestamp":"2022-12-20T13:01:33.626Z"}
{"level":"info","message":"Serve listening on port 3000","service":"user-service","timestamp":"2022-12-20T13:02:00.763Z"}
{"level":"info","message":"Serve listening on port 3000","service":"user-service","timestamp":"2022-12-20T13:02:18.666Z"}
{"level":"info","message":"Serve listening on port 3000","service":"user-service","timestamp":"2022-12-20T13:04:06.060Z"}
{"level":"error","service":"user-service","timestamp":"2022-12-20T13:04:11.624Z"}
{"level":"info","message":"Serve listening on port 3000","service":"user-service","timestamp":"2022-12-20T13:05:06.816Z"}
{"level":"error","message":"user.generateAuthToken is not a function","service":"user-service","timestamp":"2022-12-20T13:05:10.726Z"}
{"level":"info","message":"Serve listening on port 3000","service":"user-service","timestamp":"2022-12-20T13:05:50.640Z"}
{"level":"info","message":"Serve listening on port 3000","service":"user-service","timestamp":"2022-12-20T13:06:23.173Z"}
{"level":"info","message":"Serve listening on port 3000","service":"user-service","timestamp":"2022-12-20T13:08:09.983Z"}
{"level":"info","message":"Serve listening on port 3000","service":"user-service","timestamp":"2022-12-22T06:48:27.133Z"}
{"level":"info","message":"Serve listening on port 3000","service":"user-service","timestamp":"2022-12-26T06:01:00.595Z"}
{"level":"error","message":"Cannot read properties of undefined (reading 'email')","service":"user-service","timestamp":"2022-12-26T06:01:25.656Z"}
{"level":"info","message":"Serve listening on port 3000","service":"user-service","timestamp":"2022-12-26T06:05:27.380Z"}
{"level":"info","message":"Serve listening on port 3000","service":"user-service","timestamp":"2022-12-26T06:06:31.870Z"}
{"level":"info","message":"Serve listening on port 3000","service":"user-service","timestamp":"2022-12-26T06:07:18.566Z"}
{"level":"error","message":"invalid signature","service":"user-service","timestamp":"2022-12-26T06:07:27.975Z"}
{"level":"info","message":"Serve listening on port 3000","service":"user-service","timestamp":"2022-12-26T06:08:26.269Z"}
{"level":"info","message":"Serve listening on port 3000","service":"user-service","timestamp":"2023-01-28T12:04:42.100Z"}
